#
# There is insufficient memory for the Java Runtime Environment to continue.
# Native memory allocation (malloc) failed to allocate 1045136 bytes for Chunk::new
# Possible reasons:
#   The system is out of physical RAM or swap space
#   The process is running with CompressedOops enabled, and the Java Heap may be blocking the growth of the native heap
# Possible solutions:
#   Reduce memory load on the system
#   Increase physical memory or swap space
#   Check if swap backing store is full
#   Decrease Java heap size (-Xmx/-Xms)
#   Decrease number of Java threads
#   Decrease Java thread stack sizes (-Xss)
#   Set larger code cache with -XX:ReservedCodeCacheSize=
#   JVM is running with Unscaled Compressed Oops mode in which the Java heap is
#     placed in the first 4GB address space. The Java Heap base address is the
#     maximum limit for the native heap growth. Please use -XX:HeapBaseMinAddress
#     to set the Java Heap base and to place the Java Heap above 4GB virtual address.
# This output file may be truncated or incomplete.
#
#  Out of Memory Error (allocation.cpp:389), pid=3100, tid=0x00000000000024c4
#
# JRE version: Java(TM) SE Runtime Environment (8.0_371) (build 1.8.0_371-b11)
# Java VM: Java HotSpot(TM) 64-Bit Server VM (25.371-b11 mixed mode windows-amd64 compressed oops)
# Failed to write core dump. Minidumps are not enabled by default on client versions of Windows
#

---------------  T H R E A D  ---------------

Current thread (0x00000224315f3000):  JavaThread "C2 CompilerThread0" daemon [_thread_in_native, id=9412, stack(0x000000fd7b300000,0x000000fd7b400000)]

Stack: [0x000000fd7b300000,0x000000fd7b400000]
Native frames: (J=compiled Java code, j=interpreted, Vv=VM code, C=native code)
V  [jvm.dll+0x34d9f9]
V  [jvm.dll+0x28aa12]
V  [jvm.dll+0x28b5dd]
V  [jvm.dll+0x281da5]
V  [jvm.dll+0xdb51c]
V  [jvm.dll+0xdbd2c]
V  [jvm.dll+0x49774d]
V  [jvm.dll+0x45b075]
V  [jvm.dll+0x46433f]
V  [jvm.dll+0x463739]
V  [jvm.dll+0x44d45b]
V  [jvm.dll+0xb02c6]
V  [jvm.dll+0xae99f]
V  [jvm.dll+0x24e572]
V  [jvm.dll+0x2a76ac]
C  [ucrtbase.dll+0x21bb2]
C  [KERNEL32.DLL+0x17344]
C  [ntdll.dll+0x526b1]


Current CompileTask:
C2: 681850 9884       4       org.springframework.web.servlet.FrameworkServlet::doGet (7 bytes)


---------------  P R O C E S S  ---------------

Java Threads: ( => current thread )
  0x0000022438ab2800 JavaThread "HikariPool-1 connection adder" daemon [_thread_blocked, id=11396, stack(0x000000fd7a600000,0x000000fd7a700000)]
  0x0000022438ab4800 JavaThread "DestroyJavaVM" [_thread_blocked, id=6836, stack(0x000000fd7a900000,0x000000fd7aa00000)]
  0x0000022438ab7000 JavaThread "http-nio-8080-Acceptor" daemon [_thread_in_native, id=2968, stack(0x000000fd7c900000,0x000000fd7ca00000)]
  0x0000022438ab8800 JavaThread "http-nio-8080-Poller" daemon [_thread_in_native, id=7796, stack(0x000000fd7c800000,0x000000fd7c900000)]
  0x0000022438ab9000 JavaThread "http-nio-8080-exec-10" daemon [_thread_blocked, id=7584, stack(0x000000fd7c700000,0x000000fd7c800000)]
  0x0000022438ab5800 JavaThread "http-nio-8080-exec-9" daemon [_thread_blocked, id=7160, stack(0x000000fd7c600000,0x000000fd7c700000)]
  0x0000022438ab4000 JavaThread "http-nio-8080-exec-8" daemon [_thread_blocked, id=7620, stack(0x000000fd7c500000,0x000000fd7c600000)]
  0x0000022438ab6000 JavaThread "http-nio-8080-exec-7" daemon [_thread_blocked, id=10168, stack(0x000000fd7c400000,0x000000fd7c500000)]
  0x00000224315fc800 JavaThread "http-nio-8080-exec-6" daemon [_thread_blocked, id=1420, stack(0x000000fd7c300000,0x000000fd7c400000)]
  0x00000224315fd800 JavaThread "http-nio-8080-exec-5" daemon [_thread_blocked, id=9604, stack(0x000000fd7c200000,0x000000fd7c300000)]
  0x00000224315fc000 JavaThread "http-nio-8080-exec-4" daemon [_thread_blocked, id=9244, stack(0x000000fd7c100000,0x000000fd7c200000)]
  0x00000224315fb000 JavaThread "http-nio-8080-exec-3" daemon [_thread_blocked, id=5624, stack(0x000000fd7c000000,0x000000fd7c100000)]
  0x00000224315ff000 JavaThread "http-nio-8080-exec-2" daemon [_thread_blocked, id=1672, stack(0x000000fd7bf00000,0x000000fd7c000000)]
  0x0000022431602000 JavaThread "http-nio-8080-exec-1" daemon [_thread_blocked, id=9748, stack(0x000000fd7be00000,0x000000fd7bf00000)]
  0x00000224315ff800 JavaThread "HikariPool-1 housekeeper" daemon [_thread_blocked, id=8008, stack(0x000000fd7bd00000,0x000000fd7be00000)]
  0x0000022433a5e000 JavaThread "mysql-cj-abandoned-connection-cleanup" daemon [_thread_blocked, id=6388, stack(0x000000fd7bb00000,0x000000fd7bc00000)]
  0x0000022437bed800 JavaThread "container-0" [_thread_blocked, id=8212, stack(0x000000fd7ba00000,0x000000fd7bb00000)]
  0x00000224363f6800 JavaThread "Catalina-utility-2" [_thread_blocked, id=9212, stack(0x000000fd7b900000,0x000000fd7ba00000)]
  0x000002243683a800 JavaThread "Catalina-utility-1" [_thread_blocked, id=9432, stack(0x000000fd7b800000,0x000000fd7b900000)]
  0x000002243166e800 JavaThread "Service Thread" daemon [_thread_blocked, id=7180, stack(0x000000fd7b600000,0x000000fd7b700000)]
  0x0000022431600800 JavaThread "C1 CompilerThread2" daemon [_thread_blocked, id=592, stack(0x000000fd7b500000,0x000000fd7b600000)]
  0x00000224315f8800 JavaThread "C2 CompilerThread1" daemon [_thread_in_native, id=4164, stack(0x000000fd7b400000,0x000000fd7b500000)]
=>0x00000224315f3000 JavaThread "C2 CompilerThread0" daemon [_thread_in_native, id=9412, stack(0x000000fd7b300000,0x000000fd7b400000)]
  0x00000224315ef000 JavaThread "Attach Listener" daemon [_thread_blocked, id=5348, stack(0x000000fd7b200000,0x000000fd7b300000)]
  0x00000224315ed000 JavaThread "Signal Dispatcher" daemon [_thread_blocked, id=9464, stack(0x000000fd7b100000,0x000000fd7b200000)]
  0x00000224315cd800 JavaThread "Finalizer" daemon [_thread_blocked, id=8340, stack(0x000000fd7b000000,0x000000fd7b100000)]
  0x00000224315a5800 JavaThread "Reference Handler" daemon [_thread_blocked, id=9308, stack(0x000000fd7af00000,0x000000fd7b000000)]

Other Threads:
  0x00000224315a1800 VMThread [stack: 0x000000fd7ae00000,0x000000fd7af00000] [id=2656]
  0x00000224316ac000 WatcherThread [stack: 0x000000fd7b700000,0x000000fd7b800000] [id=2752]

VM state:not at safepoint (normal execution)

VM Mutex/Monitor currently owned by a thread: None

heap address: 0x0000000082000000, size: 2016 MB, Compressed Oops mode: 32-bit
Narrow klass base: 0x0000000000000000, Narrow klass shift: 3
Compressed class space size: 1073741824 Address: 0x0000000100000000

Heap:
 PSYoungGen      total 261632K, used 174379K [0x00000000d6000000, 0x00000000ec200000, 0x0000000100000000)
  eden space 256512K, 66% used [0x00000000d6000000,0x00000000e05aec08,0x00000000e5a80000)
  from space 5120K, 92% used [0x00000000e9c80000,0x00000000ea11c280,0x00000000ea180000)
  to   space 20992K, 0% used [0x00000000ead80000,0x00000000ead80000,0x00000000ec200000)
 ParOldGen       total 103936K, used 23059K [0x0000000082000000, 0x0000000088580000, 0x00000000d6000000)
  object space 103936K, 22% used [0x0000000082000000,0x0000000083684eb0,0x0000000088580000)
 Metaspace       used 64597K, capacity 68422K, committed 68696K, reserved 1110016K
  class space    used 8429K, capacity 9062K, committed 9088K, reserved 1048576K

Card table byte_map: [0x000002242bd00000,0x000002242c100000] byte_map_base: 0x000002242b8f0000

Marking Bits: (ParMarkBitMap*) 0x00000000557cd980
 Begin Bits: [0x000002242c3a0000, 0x000002242e320000)
 End Bits:   [0x000002242e320000, 0x00000224302a0000)

Polling page: 0x000002241af00000

CodeCache: size=245760Kb used=26770Kb max_used=28880Kb free=218989Kb
 bounds [0x000002241c940000, 0x000002241e5a0000, 0x000002242b940000]
 total_blobs=8584 nmethods=7998 adapters=497
 compilation: enabled

Compilation events (10 events):
Event: 678.266 Thread 0x00000224315f8800 nmethod 9899 0x000002241d8e8c10 code [0x000002241d8e8d60, 0x000002241d8e8f58]
Event: 678.266 Thread 0x00000224315f8800 9900       4       org.springframework.util.MultiValueMapAdapter::set (30 bytes)
Event: 678.270 Thread 0x00000224315f8800 nmethod 9900 0x000002241cfbc910 code [0x000002241cfbca80, 0x000002241cfbcc68]
Event: 678.270 Thread 0x00000224315f8800 9901       4       org.hibernate.engine.internal.EntityEntryContext::reentrantSafeEntityEntries (78 bytes)
Event: 678.276 Thread 0x00000224315f8800 nmethod 9901 0x000002241db65690 code [0x000002241db65800, 0x000002241db65aa8]
Event: 678.288 Thread 0x00000224315f8800 9902       4       com.mysql.cj.protocol.a.NativeServerSession::getCapabilities (5 bytes)
Event: 678.289 Thread 0x00000224315f8800 nmethod 9902 0x000002241d1c1110 code [0x000002241d1c1240, 0x000002241d1c1298]
Event: 678.289 Thread 0x00000224315f8800 9903       4       com.zaxxer.hikari.pool.HikariProxyResultSet::close (13 bytes)
Event: 678.292 Thread 0x00000224315f8800 nmethod 9903 0x000002241d746f50 code [0x000002241d7470a0, 0x000002241d7471e8]
Event: 678.292 Thread 0x00000224315f8800 9904       4       org.springframework.data.repository.core.support.RepositoryMethodInvoker$RepositoryQueryMethodInvoker$$Lambda$1106/327202447::invoke (11 bytes)

GC Heap History (10 events):
Event: 25.382 GC heap before
{Heap before GC invocations=12 (full 3):
 PSYoungGen      total 233472K, used 9416K [0x00000000d6000000, 0x00000000ea480000, 0x0000000100000000)
  eden space 210944K, 0% used [0x00000000d6000000,0x00000000d6000000,0x00000000e2e00000)
  from space 22528K, 41% used [0x00000000e2e00000,0x00000000e37320d0,0x00000000e4400000)
  to   space 22016K, 0% used [0x00000000e8f00000,0x00000000e8f00000,0x00000000ea480000)
 ParOldGen       total 89088K, used 23776K [0x0000000082000000, 0x0000000087700000, 0x00000000d6000000)
  object space 89088K, 26% used [0x0000000082000000,0x00000000837382f8,0x0000000087700000)
 Metaspace       used 55829K, capacity 58930K, committed 59028K, reserved 1099776K
  class space    used 7603K, capacity 8140K, committed 8192K, reserved 1048576K
Event: 25.615 GC heap after
Heap after GC invocations=12 (full 3):
 PSYoungGen      total 233472K, used 0K [0x00000000d6000000, 0x00000000ea480000, 0x0000000100000000)
  eden space 210944K, 0% used [0x00000000d6000000,0x00000000d6000000,0x00000000e2e00000)
  from space 22528K, 0% used [0x00000000e2e00000,0x00000000e2e00000,0x00000000e4400000)
  to   space 22016K, 0% used [0x00000000e8f00000,0x00000000e8f00000,0x00000000ea480000)
 ParOldGen       total 103936K, used 23019K [0x0000000082000000, 0x0000000088580000, 0x00000000d6000000)
  object space 103936K, 22% used [0x0000000082000000,0x000000008367aeb0,0x0000000088580000)
 Metaspace       used 55829K, capacity 58930K, committed 59028K, reserved 1099776K
  class space    used 7603K, capacity 8140K, committed 8192K, reserved 1048576K
}
Event: 524.897 GC heap before
{Heap before GC invocations=13 (full 3):
 PSYoungGen      total 233472K, used 210944K [0x00000000d6000000, 0x00000000ea480000, 0x0000000100000000)
  eden space 210944K, 100% used [0x00000000d6000000,0x00000000e2e00000,0x00000000e2e00000)
  from space 22528K, 0% used [0x00000000e2e00000,0x00000000e2e00000,0x00000000e4400000)
  to   space 22016K, 0% used [0x00000000e8f00000,0x00000000e8f00000,0x00000000ea480000)
 ParOldGen       total 103936K, used 23019K [0x0000000082000000, 0x0000000088580000, 0x00000000d6000000)
  object space 103936K, 22% used [0x0000000082000000,0x000000008367aeb0,0x0000000088580000)
 Metaspace       used 64524K, capacity 68422K, committed 68696K, reserved 1110016K
  class space    used 8426K, capacity 9062K, committed 9088K, reserved 1048576K
Event: 524.919 GC heap after
Heap after GC invocations=13 (full 3):
 PSYoungGen      total 281600K, used 9181K [0x00000000d6000000, 0x00000000e9800000, 0x0000000100000000)
  eden space 272384K, 0% used [0x00000000d6000000,0x00000000d6000000,0x00000000e6a00000)
  from space 9216K, 99% used [0x00000000e8f00000,0x00000000e97f7638,0x00000000e9800000)
  to   space 20992K, 0% used [0x00000000e6f00000,0x00000000e6f00000,0x00000000e8380000)
 ParOldGen       total 103936K, used 23027K [0x0000000082000000, 0x0000000088580000, 0x00000000d6000000)
  object space 103936K, 22% used [0x0000000082000000,0x000000008367ceb0,0x0000000088580000)
 Metaspace       used 64524K, capacity 68422K, committed 68696K, reserved 1110016K
  class space    used 8426K, capacity 9062K, committed 9088K, reserved 1048576K
}
Event: 569.945 GC heap before
{Heap before GC invocations=14 (full 3):
 PSYoungGen      total 281600K, used 281565K [0x00000000d6000000, 0x00000000e9800000, 0x0000000100000000)
  eden space 272384K, 100% used [0x00000000d6000000,0x00000000e6a00000,0x00000000e6a00000)
  from space 9216K, 99% used [0x00000000e8f00000,0x00000000e97f7638,0x00000000e9800000)
  to   space 20992K, 0% used [0x00000000e6f00000,0x00000000e6f00000,0x00000000e8380000)
 ParOldGen       total 103936K, used 23027K [0x0000000082000000, 0x0000000088580000, 0x00000000d6000000)
  object space 103936K, 22% used [0x0000000082000000,0x000000008367ceb0,0x0000000088580000)
 Metaspace       used 64559K, capacity 68422K, committed 68696K, reserved 1110016K
  class space    used 8428K, capacity 9062K, committed 9088K, reserved 1048576K
Event: 571.349 GC heap after
Heap after GC invocations=14 (full 3):
 PSYoungGen      total 298496K, used 4752K [0x00000000d6000000, 0x00000000ed680000, 0x0000000100000000)
  eden space 277504K, 0% used [0x00000000d6000000,0x00000000d6000000,0x00000000e6f00000)
  from space 20992K, 22% used [0x00000000e6f00000,0x00000000e73a42a0,0x00000000e8380000)
  to   space 21504K, 0% used [0x00000000ec180000,0x00000000ec180000,0x00000000ed680000)
 ParOldGen       total 103936K, used 23043K [0x0000000082000000, 0x0000000088580000, 0x00000000d6000000)
  object space 103936K, 22% used [0x0000000082000000,0x0000000083680eb0,0x0000000088580000)
 Metaspace       used 64559K, capacity 68422K, committed 68696K, reserved 1110016K
  class space    used 8428K, capacity 9062K, committed 9088K, reserved 1048576K
}
Event: 611.910 GC heap before
{Heap before GC invocations=15 (full 3):
 PSYoungGen      total 298496K, used 282256K [0x00000000d6000000, 0x00000000ed680000, 0x0000000100000000)
  eden space 277504K, 100% used [0x00000000d6000000,0x00000000e6f00000,0x00000000e6f00000)
  from space 20992K, 22% used [0x00000000e6f00000,0x00000000e73a42a0,0x00000000e8380000)
  to   space 21504K, 0% used [0x00000000ec180000,0x00000000ec180000,0x00000000ed680000)
 ParOldGen       total 103936K, used 23043K [0x0000000082000000, 0x0000000088580000, 0x00000000d6000000)
  object space 103936K, 22% used [0x0000000082000000,0x0000000083680eb0,0x0000000088580000)
 Metaspace       used 64579K, capacity 68422K, committed 68696K, reserved 1110016K
  class space    used 8429K, capacity 9062K, committed 9088K, reserved 1048576K
Event: 611.985 GC heap after
Heap after GC invocations=15 (full 3):
 PSYoungGen      total 271872K, used 4720K [0x00000000d6000000, 0x00000000ec680000, 0x0000000100000000)
  eden space 266752K, 0% used [0x00000000d6000000,0x00000000d6000000,0x00000000e6480000)
  from space 5120K, 92% used [0x00000000ec180000,0x00000000ec61c250,0x00000000ec680000)
  to   space 21504K, 0% used [0x00000000e9c80000,0x00000000e9c80000,0x00000000eb180000)
 ParOldGen       total 103936K, used 23051K [0x0000000082000000, 0x0000000088580000, 0x00000000d6000000)
  object space 103936K, 22% used [0x0000000082000000,0x0000000083682eb0,0x0000000088580000)
 Metaspace       used 64579K, capacity 68422K, committed 68696K, reserved 1110016K
  class space    used 8429K, capacity 9062K, committed 9088K, reserved 1048576K
}
Event: 656.450 GC heap before
{Heap before GC invocations=16 (full 3):
 PSYoungGen      total 271872K, used 271472K [0x00000000d6000000, 0x00000000ec680000, 0x0000000100000000)
  eden space 266752K, 100% used [0x00000000d6000000,0x00000000e6480000,0x00000000e6480000)
  from space 5120K, 92% used [0x00000000ec180000,0x00000000ec61c250,0x00000000ec680000)
  to   space 21504K, 0% used [0x00000000e9c80000,0x00000000e9c80000,0x00000000eb180000)
 ParOldGen       total 103936K, used 23051K [0x0000000082000000, 0x0000000088580000, 0x00000000d6000000)
  object space 103936K, 22% used [0x0000000082000000,0x0000000083682eb0,0x0000000088580000)
 Metaspace       used 64597K, capacity 68422K, committed 68696K, reserved 1110016K
  class space    used 8429K, capacity 9062K, committed 9088K, reserved 1048576K
Event: 656.464 GC heap after
Heap after GC invocations=16 (full 3):
 PSYoungGen      total 261632K, used 4720K [0x00000000d6000000, 0x00000000ec200000, 0x0000000100000000)
  eden space 256512K, 0% used [0x00000000d6000000,0x00000000d6000000,0x00000000e5a80000)
  from space 5120K, 92% used [0x00000000e9c80000,0x00000000ea11c280,0x00000000ea180000)
  to   space 20992K, 0% used [0x00000000ead80000,0x00000000ead80000,0x00000000ec200000)
 ParOldGen       total 103936K, used 23059K [0x0000000082000000, 0x0000000088580000, 0x00000000d6000000)
  object space 103936K, 22% used [0x0000000082000000,0x0000000083684eb0,0x0000000088580000)
 Metaspace       used 64597K, capacity 68422K, committed 68696K, reserved 1110016K
  class space    used 8429K, capacity 9062K, committed 9088K, reserved 1048576K
}

Deoptimization events (10 events):
Event: 603.173 Thread 0x0000022438ab6000 Uncommon trap: reason=class_check action=maybe_recompile pc=0x000002241cfcc184 method=java.lang.reflect.Array.newInstance(Ljava/lang/Class;I)Ljava/lang/Object; @ 2
Event: 603.174 Thread 0x00000224315fd800 Uncommon trap: reason=class_check action=maybe_recompile pc=0x000002241cfcc184 method=java.lang.reflect.Array.newInstance(Ljava/lang/Class;I)Ljava/lang/Object; @ 2
Event: 603.174 Thread 0x00000224315fd800 Uncommon trap: reason=class_check action=maybe_recompile pc=0x000002241cfcc184 method=java.lang.reflect.Array.newInstance(Ljava/lang/Class;I)Ljava/lang/Object; @ 2
Event: 605.416 Thread 0x00000224315ff000 Uncommon trap: reason=unstable_if action=reinterpret pc=0x000002241e537f1c method=sun.nio.ch.SocketChannelImpl.implCloseSelectableChannel()V @ 22
Event: 673.546 Thread 0x0000022438ab8800 Uncommon trap: reason=unstable_if action=reinterpret pc=0x000002241e4dea5c method=java.util.concurrent.locks.AbstractQueuedSynchronizer.acquireQueued(Ljava/util/concurrent/locks/AbstractQueuedSynchronizer$Node;I)Z @ 17
Event: 675.366 Thread 0x00000224315fc000 Uncommon trap: reason=unstable_if action=reinterpret pc=0x000002241dcd9b5c method=java.util.concurrent.ConcurrentLinkedQueue.size()I @ 15
Event: 678.290 Thread 0x0000022438ab4000 Uncommon trap: reason=array_check action=maybe_recompile pc=0x000002241db65a40 method=org.hibernate.engine.internal.EntityEntryContext.reentrantSafeEntityEntries()[Ljava/util/Map$Entry; @ 57
Event: 678.290 Thread 0x0000022438ab6000 Uncommon trap: reason=array_check action=maybe_recompile pc=0x000002241db65a40 method=org.hibernate.engine.internal.EntityEntryContext.reentrantSafeEntityEntries()[Ljava/util/Map$Entry; @ 57
Event: 678.294 Thread 0x0000022438ab6000 Uncommon trap: reason=array_check action=maybe_recompile pc=0x000002241db65a40 method=org.hibernate.engine.internal.EntityEntryContext.reentrantSafeEntityEntries()[Ljava/util/Map$Entry; @ 57
Event: 678.294 Thread 0x0000022438ab4000 Uncommon trap: reason=array_check action=maybe_recompile pc=0x000002241db65a40 method=org.hibernate.engine.internal.EntityEntryContext.reentrantSafeEntityEntries()[Ljava/util/Map$Entry; @ 57

Classes redefined (0 events):
No events

Internal exceptions (10 events):
Event: 25.735 Thread 0x000002241afce000 Exception <a 'java/lang/ClassNotFoundException': org/springframework/context/ApplicationContextAwareCustomizer> (0x00000000d63d14f0) thrown at [C:\jenkins\workspace\8-2-build-windows-x64-cygwin\jdk8u371\3355\hotspot\src\share\vm\classfile\systemDictionary
Event: 25.735 Thread 0x000002241afce000 Exception <a 'java/lang/ClassNotFoundException': org/springframework/beans/factory/AwareCustomizer> (0x00000000d63e2060) thrown at [C:\jenkins\workspace\8-2-build-windows-x64-cygwin\jdk8u371\3355\hotspot\src\share\vm\classfile\systemDictionary.cpp, line 2
Event: 25.736 Thread 0x000002241afce000 Exception <a 'java/lang/ClassNotFoundException': org/springframework/web/context/ServletContextAwareCustomizer> (0x00000000d63f3d20) thrown at [C:\jenkins\workspace\8-2-build-windows-x64-cygwin\jdk8u371\3355\hotspot\src\share\vm\classfile\systemDictionary
Event: 25.737 Thread 0x000002241afce000 Exception <a 'java/lang/ClassNotFoundException': org/springframework/beans/factory/AwareCustomizer> (0x00000000d6404300) thrown at [C:\jenkins\workspace\8-2-build-windows-x64-cygwin\jdk8u371\3355\hotspot\src\share\vm\classfile\systemDictionary.cpp, line 2
Event: 27.115 Thread 0x000002241afce000 Exception <a 'java/lang/IncompatibleClassChangeError': Found class java.lang.Object, but interface was expected> (0x00000000d79b5d48) thrown at [C:\jenkins\workspace\8-2-build-windows-x64-cygwin\jdk8u371\3355\hotspot\src\share\vm\interpreter\linkResolver.
Event: 319.761 Thread 0x00000224315fc800 Exception <a 'java/lang/NoSuchMethodError': java.lang.Object.lambda$mapIfAllPresent$6(Ljava/util/Optional;Ljava/util/function/BiFunction;Ljava/lang/Object;)Ljava/util/Optional;> (0x00000000da31cef8) thrown at [C:\jenkins\workspace\8-2-build-windows-x64-cy
Event: 319.762 Thread 0x00000224315fc800 Exception <a 'java/lang/NoSuchMethodError': java.lang.Object.lambda$null$5(Ljava/util/function/BiFunction;Ljava/lang/Object;Ljava/lang/Object;)Ljava/lang/Object;> (0x00000000da321820) thrown at [C:\jenkins\workspace\8-2-build-windows-x64-cygwin\jdk8u371\3
Event: 321.251 Thread 0x00000224315fc800 Exception <a 'java/lang/NoSuchMethodError': java.lang.Object.lambda$static$0(Lorg/hibernate/type/EntityType;Ljava/lang/Object;Lorg/hibernate/engine/spi/SharedSessionContractImplementor;Ljava/lang/Object;Ljava/lang/Boolean;)Ljava/lang/Object;> (0x00000000d
Event: 524.043 Thread 0x00000224315fb000 Implicit null exception at 0x000002241e425056 to 0x000002241e425461
Event: 524.448 Thread 0x0000022438ab5800 Implicit null exception at 0x000002241e43fe1c to 0x000002241e4401c9

Events (10 events):
Event: 678.290 Thread 0x0000022438ab6000 Uncommon trap: trap_request=0xffffffd6 fr.pc=0x000002241db65a40
Event: 678.290 Thread 0x0000022438ab6000 DEOPT PACKING pc=0x000002241db65a40 sp=0x000000fd7c4fd090
Event: 678.290 Thread 0x0000022438ab6000 DEOPT UNPACKING pc=0x000002241c9858c3 sp=0x000000fd7c4fd020 mode 2
Event: 678.294 Thread 0x0000022438ab6000 Uncommon trap: trap_request=0xffffffd6 fr.pc=0x000002241db65a40
Event: 678.294 Thread 0x0000022438ab4000 Uncommon trap: trap_request=0xffffffd6 fr.pc=0x000002241db65a40
Event: 678.294 Thread 0x0000022438ab6000 DEOPT PACKING pc=0x000002241db65a40 sp=0x000000fd7c4fd090
Event: 678.294 Thread 0x0000022438ab4000 DEOPT PACKING pc=0x000002241db65a40 sp=0x000000fd7c5fd510
Event: 678.294 Thread 0x0000022438ab6000 DEOPT UNPACKING pc=0x000002241c9858c3 sp=0x000000fd7c4fd020 mode 2
Event: 678.294 Thread 0x0000022438ab4000 DEOPT UNPACKING pc=0x000002241c9858c3 sp=0x000000fd7c5fd4a0 mode 2
Event: 678.460 Thread 0x0000022438ab2800 Thread added: 0x0000022438ab2800


Dynamic libraries:
0x00007ff622de0000 - 0x00007ff622e2a000 	C:\Program Files\Java\jre-1.8\bin\javaw.exe
0x00007ffdeb590000 - 0x00007ffdeb788000 	C:\Windows\SYSTEM32\ntdll.dll
0x00007ffde9c20000 - 0x00007ffde9cdd000 	C:\Windows\System32\KERNEL32.DLL
0x00007ffde9210000 - 0x00007ffde9506000 	C:\Windows\System32\KERNELBASE.dll
0x00007ffde95f0000 - 0x00007ffde969e000 	C:\Windows\System32\ADVAPI32.dll
0x00007ffdeac90000 - 0x00007ffdead2e000 	C:\Windows\System32\msvcrt.dll
0x00007ffdea9c0000 - 0x00007ffdeaa5c000 	C:\Windows\System32\sechost.dll
0x00007ffdea4a0000 - 0x00007ffdea5c6000 	C:\Windows\System32\RPCRT4.dll
0x00007ffdeae90000 - 0x00007ffdeb02e000 	C:\Windows\System32\USER32.dll
0x00007ffde9080000 - 0x00007ffde90a2000 	C:\Windows\System32\win32u.dll
0x00007ffdeae60000 - 0x00007ffdeae8c000 	C:\Windows\System32\GDI32.dll
0x00007ffde8e60000 - 0x00007ffde8f7a000 	C:\Windows\System32\gdi32full.dll
0x00007ffde8ca0000 - 0x00007ffde8d3d000 	C:\Windows\System32\msvcp_win.dll
0x00007ffde8f80000 - 0x00007ffde9080000 	C:\Windows\System32\ucrtbase.dll
0x00007ffdd98d0000 - 0x00007ffdd9b6a000 	C:\Windows\WinSxS\amd64_microsoft.windows.common-controls_6595b64144ccf1df_6.0.19041.1110_none_60b5254171f9507e\COMCTL32.dll
0x00007ffdeac00000 - 0x00007ffdeac30000 	C:\Windows\System32\IMM32.DLL
0x00007ffd977a0000 - 0x00007ffd977bb000 	C:\Program Files\Java\jre-1.8\bin\vcruntime140.dll
0x00007ffdcefb0000 - 0x00007ffdcefbc000 	C:\Program Files\Java\jre-1.8\bin\vcruntime140_1.dll
0x00007ffd90950000 - 0x00007ffd909de000 	C:\Program Files\Java\jre-1.8\bin\msvcp140.dll
0x0000000054fa0000 - 0x0000000055847000 	C:\Program Files\Java\jre-1.8\bin\server\jvm.dll
0x00007ffdea490000 - 0x00007ffdea498000 	C:\Windows\System32\PSAPI.DLL
0x00007ffdd76f0000 - 0x00007ffdd7717000 	C:\Windows\SYSTEM32\WINMM.dll
0x00007ffddaaf0000 - 0x00007ffddaafa000 	C:\Windows\SYSTEM32\VERSION.dll
0x00007ffdd5a50000 - 0x00007ffdd5a59000 	C:\Windows\SYSTEM32\WSOCK32.dll
0x00007ffde9850000 - 0x00007ffde98bb000 	C:\Windows\System32\ws2_32.DLL
0x00007ffde6ce0000 - 0x00007ffde6cf2000 	C:\Windows\SYSTEM32\kernel.appcore.dll
0x00007ffd96570000 - 0x00007ffd96580000 	C:\Program Files\Java\jre-1.8\bin\verify.dll
0x00007ffd94540000 - 0x00007ffd9456b000 	C:\Program Files\Java\jre-1.8\bin\java.dll
0x00007ffdcef90000 - 0x00007ffdcefa8000 	C:\Program Files\Java\jre-1.8\bin\zip.dll
0x00007ffde9ce0000 - 0x00007ffdea425000 	C:\Windows\System32\SHELL32.dll
0x00007ffde6d00000 - 0x00007ffde749b000 	C:\Windows\SYSTEM32\windows.storage.dll
0x00007ffde98c0000 - 0x00007ffde9c14000 	C:\Windows\System32\combase.dll
0x00007ffde86b0000 - 0x00007ffde86de000 	C:\Windows\SYSTEM32\Wldp.dll
0x00007ffdead90000 - 0x00007ffdeae3d000 	C:\Windows\System32\SHCORE.dll
0x00007ffdead30000 - 0x00007ffdead85000 	C:\Windows\System32\shlwapi.dll
0x00007ffde8ba0000 - 0x00007ffde8bc5000 	C:\Windows\SYSTEM32\profapi.dll
0x00007ffdc0720000 - 0x00007ffdc072d000 	C:\Program Files\Java\jre-1.8\bin\management.dll
0x00007ffdd7c10000 - 0x00007ffdd7c2c000 	C:\Program Files\Java\jre-1.8\bin\net.dll
0x00007ffde8410000 - 0x00007ffde847a000 	C:\Windows\system32\mswsock.dll
0x00007ffdd01c0000 - 0x00007ffdd01d7000 	C:\Windows\system32\napinsp.dll
0x00007ffdd0150000 - 0x00007ffdd016b000 	C:\Windows\system32\pnrpnsp.dll
0x00007ffdd0130000 - 0x00007ffdd0145000 	C:\Windows\system32\wshbth.dll
0x00007ffde5ad0000 - 0x00007ffde5aed000 	C:\Windows\system32\NLAapi.dll
0x00007ffde80b0000 - 0x00007ffde80eb000 	C:\Windows\SYSTEM32\IPHLPAPI.DLL
0x00007ffde8100000 - 0x00007ffde81ca000 	C:\Windows\SYSTEM32\DNSAPI.dll
0x00007ffdeabf0000 - 0x00007ffdeabf8000 	C:\Windows\System32\NSI.dll
0x00007ffdd00b0000 - 0x00007ffdd00c2000 	C:\Windows\System32\winrnr.dll
0x00007ffdd76e0000 - 0x00007ffdd76ea000 	C:\Windows\System32\rasadhlp.dll
0x00007ffdd7a70000 - 0x00007ffdd7af2000 	C:\Windows\System32\fwpuclnt.dll
0x00007ffde8c70000 - 0x00007ffde8c97000 	C:\Windows\System32\bcrypt.dll
0x00007ffdd7bf0000 - 0x00007ffdd7c03000 	C:\Program Files\Java\jre-1.8\bin\nio.dll
0x00007ffde8600000 - 0x00007ffde8618000 	C:\Windows\SYSTEM32\CRYPTSP.dll
0x00007ffde7c50000 - 0x00007ffde7c84000 	C:\Windows\system32\rsaenh.dll
0x00007ffde8b20000 - 0x00007ffde8b4e000 	C:\Windows\SYSTEM32\USERENV.dll
0x00007ffde9560000 - 0x00007ffde95e2000 	C:\Windows\System32\bcryptprimitives.dll
0x00007ffde8620000 - 0x00007ffde862c000 	C:\Windows\SYSTEM32\CRYPTBASE.dll
0x00007ffddada0000 - 0x00007ffddadb7000 	C:\Windows\SYSTEM32\dhcpcsvc6.DLL
0x00007ffddb040000 - 0x00007ffddb05d000 	C:\Windows\SYSTEM32\dhcpcsvc.DLL
0x00007ffd91fd0000 - 0x00007ffd91ff5000 	C:\Program Files\Java\jre-1.8\bin\sunec.dll
0x00007ffd986a0000 - 0x00007ffd986ad000 	C:\Program Files\Java\jre-1.8\bin\sunmscapi.dll
0x00007ffde90b0000 - 0x00007ffde920e000 	C:\Windows\System32\CRYPT32.dll
0x00007ffde8720000 - 0x00007ffde8748000 	C:\Windows\SYSTEM32\ncrypt.dll
0x00007ffde86e0000 - 0x00007ffde871b000 	C:\Windows\SYSTEM32\NTASN1.dll
0x00007ffde69f0000 - 0x00007ffde6bd4000 	C:\Windows\SYSTEM32\dbghelp.dll

VM Arguments:
jvm_args: -Dfile.encoding=UTF-8 
java_command: com.ts.ECommerseSpring.ECommerseSpringApplication
java_class_path (initial): C:\Users\pc\Desktop\myfinalproject\e-commerceproject\E-CommerseSpring\target\classes;C:\Users\pc\.m2\repository\org\springframework\boot\spring-boot-starter-data-jpa\2.7.15\spring-boot-starter-data-jpa-2.7.15.jar;C:\Users\pc\.m2\repository\org\springframework\boot\spring-boot-starter-aop\2.7.15\spring-boot-starter-aop-2.7.15.jar;C:\Users\pc\.m2\repository\org\springframework\spring-aop\5.3.29\spring-aop-5.3.29.jar;C:\Users\pc\.m2\repository\org\aspectj\aspectjweaver\1.9.7\aspectjweaver-1.9.7.jar;C:\Users\pc\.m2\repository\org\springframework\boot\spring-boot-starter-jdbc\2.7.15\spring-boot-starter-jdbc-2.7.15.jar;C:\Users\pc\.m2\repository\com\zaxxer\HikariCP\4.0.3\HikariCP-4.0.3.jar;C:\Users\pc\.m2\repository\org\springframework\spring-jdbc\5.3.29\spring-jdbc-5.3.29.jar;C:\Users\pc\.m2\repository\jakarta\transaction\jakarta.transaction-api\1.3.3\jakarta.transaction-api-1.3.3.jar;C:\Users\pc\.m2\repository\jakarta\persistence\jakarta.persistence-api\2.2.3\jakarta.persistence-api-2.2.3.jar;C:\Users\pc\.m2\repository\org\hibernate\hibernate-core\5.6.15.Final\hibernate-core-5.6.15.Final.jar;C:\Users\pc\.m2\repository\org\jboss\logging\jboss-logging\3.4.3.Final\jboss-logging-3.4.3.Final.jar;C:\Users\pc\.m2\repository\net\bytebuddy\byte-buddy\1.12.23\byte-buddy-1.12.23.jar;C:\Users\pc\.m2\repository\antlr\antlr\2.7.7\antlr-2.7.7.jar;C:\Users\pc\.m2\repository\org\jboss\jandex\2.4.2.Final\jandex-2.4.2.Final.jar;C:\Users\pc\.m2\repository\com\fasterxml\classmate\1.5.1\classmate-1.5.1.jar;C:\Users\pc\.m2\repository\org\hibernate\common\hibernate-commons-annotations\5.1.2.Final\hibernate-commons-annotations-5.1.2.Final.jar;C:\Users\pc\.m2\repository\org\glassfish\jaxb\jaxb-runtime\2.3.8\jaxb-runtime-2.3.8.jar;C:\Users\pc\.m2\repository\org\glassfish\jaxb\txw2\2.3.8\txw2-2.3.8.jar;C:\Users\pc\.m2\repository\com\sun\istack\istack-commons-runtime\3.0.12\istack-commons-runtime-3.0.12.jar;C:\Users\pc\.m2\repository\com\sun\activation\jakarta.activatio
Launcher Type: SUN_STANDARD

Environment Variables:
JAVA_HOME=C:\Program Files\Java\jdk-1.8
JRE_HOME=C:\Program Files\Java\jre-1.8
PATH=C:/Program Files/Java/jre-1.8/bin/server;C:/Program Files/Java/jre-1.8/bin;C:/Program Files/Java/jre-1.8/lib/amd64;C:\Python311\Scripts\;C:\Python311\;C:\Program Files (x86)\Common Files\Oracle\Java\javapath;C:\Windows\system32;C:\Windows;C:\Windows\System32\Wbem;C:\Windows\System32\WindowsPowerShell\v1.0\;C:\Windows\System32\OpenSSH\;C:\Program Files (x86)\Microsoft SQL Server\160\DTS\Binn\;C:\Program Files\Azure Data Studio\bin;C:\Program Files\Microsoft SQL Server\150\Tools\Binn\;C:\Program Files\Microsoft SQL Server\Client SDK\ODBC\170\Tools\Binn\;C:\Program Files\dotnet\;C:\Program Files\Git\cmd;C:\Program Files\nodejs\;C:\ProgramData\chocolatey\bin;C:\Program Files\MySQL\MySQL Shell 8.0\bin\;C:\Users\pc\AppData\Local\Microsoft\WindowsApps;;C:\Users\pc\AppData\Local\Programs\Microsoft VS Code\bin;C:\Program Files\Azure Data Studio\bin;C:\Users\pc\.dotnet\tools;C:\Users\pc\AppData\Roaming\npm;C:\Users\pc\Downloads\eclipse-jee-neon-3-win32-x86_64\eclipse;
USERNAME=pc
OS=Windows_NT
PROCESSOR_IDENTIFIER=Intel64 Family 6 Model 78 Stepping 3, GenuineIntel



---------------  S Y S T E M  ---------------

OS: Windows 10 , 64 bit Build 19041 (10.0.19041.3393)

CPU:total 4 (initial active 4) (2 cores per cpu, 2 threads per core) family 6 model 78 stepping 3, cmov, cx8, fxsr, mmx, sse, sse2, sse3, ssse3, sse4.1, sse4.2, popcnt, avx, avx2, aes, clmul, erms, 3dnowpref, lzcnt, ht, tsc, tscinvbit, bmi1, bmi2, adx

Memory: 4k page, physical 8251176k(323096k free), swap 33417000k(6744k free)

vm_info: Java HotSpot(TM) 64-Bit Server VM (25.371-b11) for windows-amd64 JRE (1.8.0_371-b11), built on Mar 17 2023 04:03:45 by "java_re" with MS VC++ 17.1 (VS2022)

time: Sun Oct  1 10:09:52 2023
timezone: India Standard Time
elapsed time: 682.878106 seconds (0d 0h 11m 22s)

