#
# There is insufficient memory for the Java Runtime Environment to continue.
# Native memory allocation (malloc) failed to allocate 32744 bytes for ChunkPool::allocate
# Possible reasons:
#   The system is out of physical RAM or swap space
#   The process is running with CompressedOops enabled, and the Java Heap may be blocking the growth of the native heap
# Possible solutions:
#   Reduce memory load on the system
#   Increase physical memory or swap space
#   Check if swap backing store is full
#   Decrease Java heap size (-Xmx/-Xms)
#   Decrease number of Java threads
#   Decrease Java thread stack sizes (-Xss)
#   Set larger code cache with -XX:ReservedCodeCacheSize=
#   JVM is running with Unscaled Compressed Oops mode in which the Java heap is
#     placed in the first 4GB address space. The Java Heap base address is the
#     maximum limit for the native heap growth. Please use -XX:HeapBaseMinAddress
#     to set the Java Heap base and to place the Java Heap above 4GB virtual address.
# This output file may be truncated or incomplete.
#
#  Out of Memory Error (allocation.cpp:272), pid=9536, tid=0x000000000000226c
#
# JRE version: Java(TM) SE Runtime Environment (8.0_371) (build 1.8.0_371-b11)
# Java VM: Java HotSpot(TM) 64-Bit Server VM (25.371-b11 mixed mode windows-amd64 compressed oops)
# Failed to write core dump. Minidumps are not enabled by default on client versions of Windows
#

---------------  T H R E A D  ---------------

Current thread (0x000001ee7e728800):  JavaThread "C2 CompilerThread1" daemon [_thread_in_native, id=8812, stack(0x000000d8a2c00000,0x000000d8a2d00000)]

Stack: [0x000000d8a2c00000,0x000000d8a2d00000]
Native frames: (J=compiled Java code, j=interpreted, Vv=VM code, C=native code)
V  [jvm.dll+0x34d9f9]
V  [jvm.dll+0x28aa12]
V  [jvm.dll+0x28b5dd]
V  [jvm.dll+0x281da5]
V  [jvm.dll+0xdb9d1]
V  [jvm.dll+0xdbd2c]
V  [jvm.dll+0x47b3c9]
V  [jvm.dll+0x47c5c6]
V  [jvm.dll+0x465b20]
V  [jvm.dll+0x463622]
V  [jvm.dll+0x44d45b]
V  [jvm.dll+0xb02c6]
V  [jvm.dll+0xae99f]
V  [jvm.dll+0x24e572]
V  [jvm.dll+0x2a76ac]
C  [ucrtbase.dll+0x21bb2]
C  [KERNEL32.DLL+0x17344]
C  [ntdll.dll+0x526b1]


Current CompileTask:
C2: 381801 9852       4       org.hibernate.query.internal.QueryParameterBindingsImpl::verifyParametersBound (170 bytes)


---------------  P R O C E S S  ---------------

Java Threads: ( => current thread )
  0x000001ee0746b800 JavaThread "DestroyJavaVM" [_thread_blocked, id=10184, stack(0x000000d8a2100000,0x000000d8a2200000)]
  0x000001ee07470000 JavaThread "http-nio-8080-Acceptor" daemon [_thread_in_native, id=7552, stack(0x000000d8a4100000,0x000000d8a4200000)]
  0x000001ee0746d800 JavaThread "http-nio-8080-Poller" daemon [_thread_in_native, id=10652, stack(0x000000d8a4000000,0x000000d8a4100000)]
  0x000001ee07470800 JavaThread "http-nio-8080-exec-10" daemon [_thread_blocked, id=5452, stack(0x000000d8a3f00000,0x000000d8a4000000)]
  0x000001ee0746e800 JavaThread "http-nio-8080-exec-9" daemon [_thread_blocked, id=9320, stack(0x000000d8a3e00000,0x000000d8a3f00000)]
  0x000001ee07472000 JavaThread "http-nio-8080-exec-8" daemon [_thread_blocked, id=8324, stack(0x000000d8a3d00000,0x000000d8a3e00000)]
  0x000001ee7f5a9800 JavaThread "http-nio-8080-exec-7" daemon [_thread_blocked, id=9896, stack(0x000000d8a3c00000,0x000000d8a3d00000)]
  0x000001ee7f5a9000 JavaThread "http-nio-8080-exec-6" daemon [_thread_blocked, id=4712, stack(0x000000d8a3b00000,0x000000d8a3c00000)]
  0x000001ee7f5a8000 JavaThread "http-nio-8080-exec-5" daemon [_thread_blocked, id=7936, stack(0x000000d8a3a00000,0x000000d8a3b00000)]
  0x000001ee7f5a6000 JavaThread "http-nio-8080-exec-4" daemon [_thread_blocked, id=3060, stack(0x000000d8a3900000,0x000000d8a3a00000)]
  0x000001ee7f5ac000 JavaThread "http-nio-8080-exec-3" daemon [_thread_blocked, id=4564, stack(0x000000d8a3800000,0x000000d8a3900000)]
  0x000001ee7f5a7800 JavaThread "http-nio-8080-exec-2" daemon [_thread_blocked, id=4440, stack(0x000000d8a3700000,0x000000d8a3800000)]
  0x000001ee7f5ab000 JavaThread "http-nio-8080-exec-1" daemon [_thread_blocked, id=9900, stack(0x000000d8a3600000,0x000000d8a3700000)]
  0x000001ee7f5a6800 JavaThread "HikariPool-1 housekeeper" daemon [_thread_blocked, id=10408, stack(0x000000d8a3500000,0x000000d8a3600000)]
  0x000001ee7e7c7800 JavaThread "mysql-cj-abandoned-connection-cleanup" daemon [_thread_blocked, id=6620, stack(0x000000d8a3300000,0x000000d8a3400000)]
  0x000001ee04ce8800 JavaThread "container-0" [_thread_blocked, id=9184, stack(0x000000d8a3200000,0x000000d8a3300000)]
  0x000001ee04ce7800 JavaThread "Catalina-utility-2" [_thread_blocked, id=10620, stack(0x000000d8a3100000,0x000000d8a3200000)]
  0x000001ee04ce7000 JavaThread "Catalina-utility-1" [_thread_blocked, id=2620, stack(0x000000d8a3000000,0x000000d8a3100000)]
  0x000001ee7e7a8000 JavaThread "Service Thread" daemon [_thread_blocked, id=11912, stack(0x000000d8a2e00000,0x000000d8a2f00000)]
  0x000001ee7e734000 JavaThread "C1 CompilerThread2" daemon [_thread_blocked, id=12116, stack(0x000000d8a2d00000,0x000000d8a2e00000)]
=>0x000001ee7e728800 JavaThread "C2 CompilerThread1" daemon [_thread_in_native, id=8812, stack(0x000000d8a2c00000,0x000000d8a2d00000)]
  0x000001ee7e726000 JavaThread "C2 CompilerThread0" daemon [_thread_in_native, id=1400, stack(0x000000d8a2b00000,0x000000d8a2c00000)]
  0x000001ee7e71f800 JavaThread "Attach Listener" daemon [_thread_blocked, id=256, stack(0x000000d8a2a00000,0x000000d8a2b00000)]
  0x000001ee7e71e800 JavaThread "Signal Dispatcher" daemon [_thread_blocked, id=8964, stack(0x000000d8a2900000,0x000000d8a2a00000)]
  0x000001ee7e700800 JavaThread "Finalizer" daemon [_thread_blocked, id=1480, stack(0x000000d8a2800000,0x000000d8a2900000)]
  0x000001ee7e6d8800 JavaThread "Reference Handler" daemon [_thread_blocked, id=9460, stack(0x000000d8a2700000,0x000000d8a2800000)]

Other Threads:
  0x000001ee6c1cd000 VMThread [stack: 0x000000d8a2600000,0x000000d8a2700000] [id=1280]
  0x000001ee7e7e0000 WatcherThread [stack: 0x000000d8a2f00000,0x000000d8a3000000] [id=32]

VM state:not at safepoint (normal execution)

VM Mutex/Monitor currently owned by a thread: None

heap address: 0x0000000082000000, size: 2016 MB, Compressed Oops mode: 32-bit
Narrow klass base: 0x0000000000000000, Narrow klass shift: 3
Compressed class space size: 1073741824 Address: 0x0000000100000000

Heap:
 PSYoungGen      total 350720K, used 91173K [0x00000000d6000000, 0x00000000ed000000, 0x0000000100000000)
  eden space 329216K, 26% used [0x00000000d6000000,0x00000000db4812c0,0x00000000ea180000)
  from space 21504K, 21% used [0x00000000eb680000,0x00000000ebb08228,0x00000000ecb80000)
  to   space 21504K, 0% used [0x00000000ea180000,0x00000000ea180000,0x00000000eb680000)
 ParOldGen       total 103936K, used 22789K [0x0000000082000000, 0x0000000088580000, 0x00000000d6000000)
  object space 103936K, 21% used [0x0000000082000000,0x0000000083641480,0x0000000088580000)
 Metaspace       used 64471K, capacity 68278K, committed 68440K, reserved 1107968K
  class space    used 8417K, capacity 9048K, committed 9088K, reserved 1048576K

Card table byte_map: [0x000001ee7cd40000,0x000001ee7d140000] byte_map_base: 0x000001ee7c930000

Marking Bits: (ParMarkBitMap*) 0x000000007300d980
 Begin Bits: [0x000001ee00000000, 0x000001ee01f80000)
 End Bits:   [0x000001ee01f80000, 0x000001ee03f00000)

Polling page: 0x000001ee6c070000

CodeCache: size=245760Kb used=27049Kb max_used=28763Kb free=218710Kb
 bounds [0x000001ee6d980000, 0x000001ee6f5d0000, 0x000001ee7c980000]
 total_blobs=8505 nmethods=7919 adapters=497
 compilation: enabled

Compilation events (10 events):
Event: 380.651 Thread 0x000001ee7e726000 nmethod 9842 0x000001ee6ed33690 code [0x000001ee6ed33b00, 0x000001ee6ed364b8]
Event: 380.652 Thread 0x000001ee7e726000 9853       4       org.springframework.web.context.request.async.WebAsyncUtils::getAsyncManager (52 bytes)
Event: 380.655 Thread 0x000001ee7e726000 nmethod 9853 0x000001ee6df90850 code [0x000001ee6df909c0, 0x000001ee6df90ae8]
Event: 380.669 Thread 0x000001ee7e726000 9854       4       org.springframework.web.util.UrlPathHelper::getSanitizedPath (79 bytes)
Event: 380.671 Thread 0x000001ee7e726000 nmethod 9854 0x000001ee6f378dd0 code [0x000001ee6f378f00, 0x000001ee6f379018]
Event: 380.671 Thread 0x000001ee7e726000 9855       4       java.util.concurrent.ConcurrentHashMap::entrySet (27 bytes)
Event: 380.673 Thread 0x000001ee7e726000 nmethod 9855 0x000001ee6f38bdd0 code [0x000001ee6f38bf20, 0x000001ee6f38c038]
Event: 380.673 Thread 0x000001ee7e726000 9856       4       org.springframework.util.MultiValueMapAdapter::set (30 bytes)
Event: 380.741 Thread 0x000001ee7e726000 nmethod 9856 0x000001ee6e1cbd50 code [0x000001ee6e1cbfa0, 0x000001ee6e1cd530]
Event: 380.741 Thread 0x000001ee7e726000 9857       4       org.hibernate.query.internal.ParameterMetadataImpl::collectAllParameters (56 bytes)

GC Heap History (10 events):
Event: 21.790 GC heap before
{Heap before GC invocations=11 (full 2):
 PSYoungGen      total 227840K, used 50098K [0x00000000d6000000, 0x00000000e5f00000, 0x0000000100000000)
  eden space 208384K, 14% used [0x00000000d6000000,0x00000000d7ded9b0,0x00000000e2b80000)
  from space 19456K, 99% used [0x00000000e4200000,0x00000000e54ff1e8,0x00000000e5500000)
  to   space 23040K, 0% used [0x00000000e2b80000,0x00000000e2b80000,0x00000000e4200000)
 ParOldGen       total 89088K, used 24509K [0x0000000082000000, 0x0000000087700000, 0x00000000d6000000)
  object space 89088K, 27% used [0x0000000082000000,0x00000000837ef538,0x0000000087700000)
 Metaspace       used 55830K, capacity 58918K, committed 59028K, reserved 1099776K
  class space    used 7604K, capacity 8138K, committed 8192K, reserved 1048576K
Event: 21.804 GC heap after
Heap after GC invocations=11 (full 2):
 PSYoungGen      total 231424K, used 9240K [0x00000000d6000000, 0x00000000ea680000, 0x0000000100000000)
  eden space 208384K, 0% used [0x00000000d6000000,0x00000000d6000000,0x00000000e2b80000)
  from space 23040K, 40% used [0x00000000e2b80000,0x00000000e34860c0,0x00000000e4200000)
  to   space 22016K, 0% used [0x00000000e9100000,0x00000000e9100000,0x00000000ea680000)
 ParOldGen       total 89088K, used 24517K [0x0000000082000000, 0x0000000087700000, 0x00000000d6000000)
  object space 89088K, 27% used [0x0000000082000000,0x00000000837f1538,0x0000000087700000)
 Metaspace       used 55830K, capacity 58918K, committed 59028K, reserved 1099776K
  class space    used 7604K, capacity 8138K, committed 8192K, reserved 1048576K
}
Event: 21.805 GC heap before
{Heap before GC invocations=12 (full 3):
 PSYoungGen      total 231424K, used 9240K [0x00000000d6000000, 0x00000000ea680000, 0x0000000100000000)
  eden space 208384K, 0% used [0x00000000d6000000,0x00000000d6000000,0x00000000e2b80000)
  from space 23040K, 40% used [0x00000000e2b80000,0x00000000e34860c0,0x00000000e4200000)
  to   space 22016K, 0% used [0x00000000e9100000,0x00000000e9100000,0x00000000ea680000)
 ParOldGen       total 89088K, used 24517K [0x0000000082000000, 0x0000000087700000, 0x00000000d6000000)
  object space 89088K, 27% used [0x0000000082000000,0x00000000837f1538,0x0000000087700000)
 Metaspace       used 55830K, capacity 58918K, committed 59028K, reserved 1099776K
  class space    used 7604K, capacity 8138K, committed 8192K, reserved 1048576K
Event: 22.024 GC heap after
Heap after GC invocations=12 (full 3):
 PSYoungGen      total 231424K, used 0K [0x00000000d6000000, 0x00000000ea680000, 0x0000000100000000)
  eden space 208384K, 0% used [0x00000000d6000000,0x00000000d6000000,0x00000000e2b80000)
  from space 23040K, 0% used [0x00000000e2b80000,0x00000000e2b80000,0x00000000e4200000)
  to   space 22016K, 0% used [0x00000000e9100000,0x00000000e9100000,0x00000000ea680000)
 ParOldGen       total 103936K, used 22765K [0x0000000082000000, 0x0000000088580000, 0x00000000d6000000)
  object space 103936K, 21% used [0x0000000082000000,0x000000008363b480,0x0000000088580000)
 Metaspace       used 55830K, capacity 58918K, committed 59028K, reserved 1099776K
  class space    used 7604K, capacity 8138K, committed 8192K, reserved 1048576K
}
Event: 113.885 GC heap before
{Heap before GC invocations=13 (full 3):
 PSYoungGen      total 231424K, used 208384K [0x00000000d6000000, 0x00000000ea680000, 0x0000000100000000)
  eden space 208384K, 100% used [0x00000000d6000000,0x00000000e2b80000,0x00000000e2b80000)
  from space 23040K, 0% used [0x00000000e2b80000,0x00000000e2b80000,0x00000000e4200000)
  to   space 22016K, 0% used [0x00000000e9100000,0x00000000e9100000,0x00000000ea680000)
 ParOldGen       total 103936K, used 22765K [0x0000000082000000, 0x0000000088580000, 0x00000000d6000000)
  object space 103936K, 21% used [0x0000000082000000,0x000000008363b480,0x0000000088580000)
 Metaspace       used 64118K, capacity 67940K, committed 68184K, reserved 1107968K
  class space    used 8402K, capacity 9045K, committed 9088K, reserved 1048576K
Event: 113.910 GC heap after
Heap after GC invocations=13 (full 3):
 PSYoungGen      total 275456K, used 8904K [0x00000000d6000000, 0x00000000e9a00000, 0x0000000100000000)
  eden space 266240K, 0% used [0x00000000d6000000,0x00000000d6000000,0x00000000e6400000)
  from space 9216K, 96% used [0x00000000e9100000,0x00000000e99b2120,0x00000000e9a00000)
  to   space 21504K, 0% used [0x00000000e7000000,0x00000000e7000000,0x00000000e8500000)
 ParOldGen       total 103936K, used 22773K [0x0000000082000000, 0x0000000088580000, 0x00000000d6000000)
  object space 103936K, 21% used [0x0000000082000000,0x000000008363d480,0x0000000088580000)
 Metaspace       used 64118K, capacity 67940K, committed 68184K, reserved 1107968K
  class space    used 8402K, capacity 9045K, committed 9088K, reserved 1048576K
}
Event: 144.246 GC heap before
{Heap before GC invocations=14 (full 3):
 PSYoungGen      total 275456K, used 275144K [0x00000000d6000000, 0x00000000e9a00000, 0x0000000100000000)
  eden space 266240K, 100% used [0x00000000d6000000,0x00000000e6400000,0x00000000e6400000)
  from space 9216K, 96% used [0x00000000e9100000,0x00000000e99b2120,0x00000000e9a00000)
  to   space 21504K, 0% used [0x00000000e7000000,0x00000000e7000000,0x00000000e8500000)
 ParOldGen       total 103936K, used 22773K [0x0000000082000000, 0x0000000088580000, 0x00000000d6000000)
  object space 103936K, 21% used [0x0000000082000000,0x000000008363d480,0x0000000088580000)
 Metaspace       used 64415K, capacity 68214K, committed 68440K, reserved 1107968K
  class space    used 8416K, capacity 9048K, committed 9088K, reserved 1048576K
Event: 144.265 GC heap after
Heap after GC invocations=14 (full 3):
 PSYoungGen      total 300032K, used 4613K [0x00000000d6000000, 0x00000000ecb80000, 0x0000000100000000)
  eden space 278528K, 0% used [0x00000000d6000000,0x00000000d6000000,0x00000000e7000000)
  from space 21504K, 21% used [0x00000000e7000000,0x00000000e74815d0,0x00000000e8500000)
  to   space 21504K, 0% used [0x00000000eb680000,0x00000000eb680000,0x00000000ecb80000)
 ParOldGen       total 103936K, used 22781K [0x0000000082000000, 0x0000000088580000, 0x00000000d6000000)
  object space 103936K, 21% used [0x0000000082000000,0x000000008363f480,0x0000000088580000)
 Metaspace       used 64415K, capacity 68214K, committed 68440K, reserved 1107968K
  class space    used 8416K, capacity 9048K, committed 9088K, reserved 1048576K
}
Event: 368.446 GC heap before
{Heap before GC invocations=15 (full 3):
 PSYoungGen      total 300032K, used 283141K [0x00000000d6000000, 0x00000000ecb80000, 0x0000000100000000)
  eden space 278528K, 100% used [0x00000000d6000000,0x00000000e7000000,0x00000000e7000000)
  from space 21504K, 21% used [0x00000000e7000000,0x00000000e74815d0,0x00000000e8500000)
  to   space 21504K, 0% used [0x00000000eb680000,0x00000000eb680000,0x00000000ecb80000)
 ParOldGen       total 103936K, used 22781K [0x0000000082000000, 0x0000000088580000, 0x00000000d6000000)
  object space 103936K, 21% used [0x0000000082000000,0x000000008363f480,0x0000000088580000)
 Metaspace       used 64460K, capacity 68278K, committed 68440K, reserved 1107968K
  class space    used 8416K, capacity 9048K, committed 9088K, reserved 1048576K
Event: 368.460 GC heap after
Heap after GC invocations=15 (full 3):
 PSYoungGen      total 350720K, used 4640K [0x00000000d6000000, 0x00000000ed000000, 0x0000000100000000)
  eden space 329216K, 0% used [0x00000000d6000000,0x00000000d6000000,0x00000000ea180000)
  from space 21504K, 21% used [0x00000000eb680000,0x00000000ebb08228,0x00000000ecb80000)
  to   space 21504K, 0% used [0x00000000ea180000,0x00000000ea180000,0x00000000eb680000)
 ParOldGen       total 103936K, used 22789K [0x0000000082000000, 0x0000000088580000, 0x00000000d6000000)
  object space 103936K, 21% used [0x0000000082000000,0x0000000083641480,0x0000000088580000)
 Metaspace       used 64460K, capacity 68278K, committed 68440K, reserved 1107968K
  class space    used 8416K, capacity 9048K, committed 9088K, reserved 1048576K
}

Deoptimization events (10 events):
Event: 320.525 Thread 0x000001ee0746d800 Uncommon trap: reason=unstable_if action=reinterpret pc=0x000001ee6dbd3818 method=org.apache.tomcat.util.net.NioEndpoint$Poller.cancelledKey(Ljava/nio/channels/SelectionKey;Lorg/apache/tomcat/util/net/SocketWrapperBase;)V @ 31
Event: 320.525 Thread 0x000001ee0746d800 Uncommon trap: reason=unstable_if action=reinterpret pc=0x000001ee6e92282c method=org.apache.tomcat.util.net.SocketWrapperBase.close()V @ 9
Event: 349.963 Thread 0x000001ee7f5a9000 Uncommon trap: reason=class_check action=maybe_recompile pc=0x000001ee6eb5e204 method=java.lang.reflect.Array.newInstance(Ljava/lang/Class;I)Ljava/lang/Object; @ 2
Event: 349.971 Thread 0x000001ee7f5a6000 Uncommon trap: reason=class_check action=maybe_recompile pc=0x000001ee6eb5e204 method=java.lang.reflect.Array.newInstance(Ljava/lang/Class;I)Ljava/lang/Object; @ 2
Event: 349.981 Thread 0x000001ee7f5a9800 Uncommon trap: reason=class_check action=maybe_recompile pc=0x000001ee6eb5e204 method=java.lang.reflect.Array.newInstance(Ljava/lang/Class;I)Ljava/lang/Object; @ 2
Event: 349.981 Thread 0x000001ee7f5ab000 Uncommon trap: reason=class_check action=maybe_recompile pc=0x000001ee6eb5e204 method=java.lang.reflect.Array.newInstance(Ljava/lang/Class;I)Ljava/lang/Object; @ 2
Event: 376.976 Thread 0x000001ee7f5a6000 Uncommon trap: reason=array_check action=maybe_recompile pc=0x000001ee6ea2a0bc method=org.hibernate.engine.internal.EntityEntryContext.reentrantSafeEntityEntries()[Ljava/util/Map$Entry; @ 57
Event: 377.010 Thread 0x000001ee7f5a9000 Uncommon trap: reason=array_check action=maybe_recompile pc=0x000001ee6ea2a0bc method=org.hibernate.engine.internal.EntityEntryContext.reentrantSafeEntityEntries()[Ljava/util/Map$Entry; @ 57
Event: 377.074 Thread 0x000001ee7f5a6000 Uncommon trap: reason=array_check action=maybe_recompile pc=0x000001ee6ea2a0bc method=org.hibernate.engine.internal.EntityEntryContext.reentrantSafeEntityEntries()[Ljava/util/Map$Entry; @ 57
Event: 377.407 Thread 0x000001ee7f5a6000 Uncommon trap: reason=array_check action=maybe_recompile pc=0x000001ee6ea2a0bc method=org.hibernate.engine.internal.EntityEntryContext.reentrantSafeEntityEntries()[Ljava/util/Map$Entry; @ 57

Classes redefined (0 events):
No events

Internal exceptions (10 events):
Event: 22.837 Thread 0x000001ee6bec2000 Exception <a 'java/lang/IncompatibleClassChangeError': Found class java.lang.Object, but interface was expected> (0x00000000d78fd018) thrown at [C:\jenkins\workspace\8-2-build-windows-x64-cygwin\jdk8u371\3355\hotspot\src\share\vm\interpreter\linkResolver.
Event: 22.969 Thread 0x000001ee6bec2000 Implicit null exception at 0x000001ee6e51338b to 0x000001ee6e51385f
Event: 67.549 Thread 0x000001ee7f5a7800 Exception <a 'java/lang/NoSuchMethodError': java.lang.Object.lambda$mapIfAllPresent$6(Ljava/util/Optional;Ljava/util/function/BiFunction;Ljava/lang/Object;)Ljava/util/Optional;> (0x00000000d9ed5b50) thrown at [C:\jenkins\workspace\8-2-build-windows-x64-cy
Event: 67.550 Thread 0x000001ee7f5a7800 Exception <a 'java/lang/NoSuchMethodError': java.lang.Object.lambda$null$5(Ljava/util/function/BiFunction;Ljava/lang/Object;Ljava/lang/Object;)Ljava/lang/Object;> (0x00000000d9eda478) thrown at [C:\jenkins\workspace\8-2-build-windows-x64-cygwin\jdk8u371\3
Event: 67.633 Thread 0x000001ee7f5a7800 Exception <a 'java/lang/NoSuchMethodError': java.lang.Object.lambda$static$0(Lorg/hibernate/type/EntityType;Ljava/lang/Object;Lorg/hibernate/engine/spi/SharedSessionContractImplementor;Ljava/lang/Object;Ljava/lang/Boolean;)Ljava/lang/Object;> (0x00000000d
Event: 124.875 Thread 0x000001ee7f5ab000 Implicit null exception at 0x000001ee6f422ab1 to 0x000001ee6f422b49
Event: 129.369 Thread 0x000001ee7f5ab000 Implicit null exception at 0x000001ee6e338208 to 0x000001ee6e338595
Event: 129.960 Thread 0x000001ee0746e800 Implicit null exception at 0x000001ee6ddfad50 to 0x000001ee6ddfb091
Event: 150.703 Thread 0x000001ee7f5ab000 Exception <a 'java/io/IOException'> (0x00000000db62ff38) thrown at [C:\jenkins\workspace\8-2-build-windows-x64-cygwin\jdk8u371\3355\hotspot\src\share\vm\prims\jni.cpp, line 710]
Event: 150.703 Thread 0x000001ee7f5a6000 Exception <a 'java/io/IOException'> (0x00000000db57ab08) thrown at [C:\jenkins\workspace\8-2-build-windows-x64-cygwin\jdk8u371\3355\hotspot\src\share\vm\prims\jni.cpp, line 710]

Events (10 events):
Event: 379.691 Thread 0x000001ee7e726000 flushing nmethod 0x000001ee6ee7d110
Event: 379.691 Thread 0x000001ee7e726000 flushing nmethod 0x000001ee6ee99610
Event: 379.691 Thread 0x000001ee7e726000 flushing nmethod 0x000001ee6ee9a5d0
Event: 379.691 Thread 0x000001ee7e726000 flushing nmethod 0x000001ee6eeb9050
Event: 379.691 Thread 0x000001ee7e726000 flushing nmethod 0x000001ee6eebc050
Event: 379.692 Thread 0x000001ee7e726000 flushing nmethod 0x000001ee6eee7cd0
Event: 379.692 Thread 0x000001ee7e726000 flushing nmethod 0x000001ee6ef564d0
Event: 379.692 Thread 0x000001ee7e726000 flushing nmethod 0x000001ee6ef653d0
Event: 380.545 loading class javax/persistence/TemporalType
Event: 380.631 loading class javax/persistence/TemporalType done


Dynamic libraries:
0x00007ff771aa0000 - 0x00007ff771aea000 	C:\Program Files\Java\jre-1.8\bin\javaw.exe
0x00007fff33c30000 - 0x00007fff33e28000 	C:\Windows\SYSTEM32\ntdll.dll
0x00007fff33740000 - 0x00007fff337fd000 	C:\Windows\System32\KERNEL32.DLL
0x00007fff31830000 - 0x00007fff31b26000 	C:\Windows\System32\KERNELBASE.dll
0x00007fff321a0000 - 0x00007fff3224e000 	C:\Windows\System32\ADVAPI32.dll
0x00007fff31f10000 - 0x00007fff31fae000 	C:\Windows\System32\msvcrt.dll
0x00007fff32bf0000 - 0x00007fff32c8c000 	C:\Windows\System32\sechost.dll
0x00007fff32d40000 - 0x00007fff32e66000 	C:\Windows\System32\RPCRT4.dll
0x00007fff31ff0000 - 0x00007fff3218e000 	C:\Windows\System32\USER32.dll
0x00007fff31510000 - 0x00007fff31532000 	C:\Windows\System32\win32u.dll
0x00007fff31fb0000 - 0x00007fff31fdc000 	C:\Windows\System32\GDI32.dll
0x00007fff316a0000 - 0x00007fff317ba000 	C:\Windows\System32\gdi32full.dll
0x00007fff31bf0000 - 0x00007fff31c8d000 	C:\Windows\System32\msvcp_win.dll
0x00007fff313c0000 - 0x00007fff314c0000 	C:\Windows\System32\ucrtbase.dll
0x00007fff22470000 - 0x00007fff2270a000 	C:\Windows\WinSxS\amd64_microsoft.windows.common-controls_6595b64144ccf1df_6.0.19041.1110_none_60b5254171f9507e\COMCTL32.dll
0x00007fff33bc0000 - 0x00007fff33bf0000 	C:\Windows\System32\IMM32.DLL
0x00007fff2af40000 - 0x00007fff2af5b000 	C:\Program Files\Java\jre-1.8\bin\vcruntime140.dll
0x00007fff2af30000 - 0x00007fff2af3c000 	C:\Program Files\Java\jre-1.8\bin\vcruntime140_1.dll
0x00007fff08420000 - 0x00007fff084ae000 	C:\Program Files\Java\jre-1.8\bin\msvcp140.dll
0x00000000727e0000 - 0x0000000073087000 	C:\Program Files\Java\jre-1.8\bin\server\jvm.dll
0x00007fff31fe0000 - 0x00007fff31fe8000 	C:\Windows\System32\PSAPI.DLL
0x00007fff21310000 - 0x00007fff21337000 	C:\Windows\SYSTEM32\WINMM.dll
0x00007fff235c0000 - 0x00007fff235ca000 	C:\Windows\SYSTEM32\VERSION.dll
0x00007fff1dc70000 - 0x00007fff1dc79000 	C:\Windows\SYSTEM32\WSOCK32.dll
0x00007fff32550000 - 0x00007fff325bb000 	C:\Windows\System32\WS2_32.dll
0x00007fff2f230000 - 0x00007fff2f242000 	C:\Windows\SYSTEM32\kernel.appcore.dll
0x00007fff29e80000 - 0x00007fff29e90000 	C:\Program Files\Java\jre-1.8\bin\verify.dll
0x00007fff20510000 - 0x00007fff2053b000 	C:\Program Files\Java\jre-1.8\bin\java.dll
0x00007fff21200000 - 0x00007fff21218000 	C:\Program Files\Java\jre-1.8\bin\zip.dll
0x00007fff32ed0000 - 0x00007fff33615000 	C:\Windows\System32\SHELL32.dll
0x00007fff2f3a0000 - 0x00007fff2fb3b000 	C:\Windows\SYSTEM32\windows.storage.dll
0x00007fff33800000 - 0x00007fff33b54000 	C:\Windows\System32\combase.dll
0x00007fff30d00000 - 0x00007fff30d2e000 	C:\Windows\SYSTEM32\Wldp.dll
0x00007fff31d10000 - 0x00007fff31dbd000 	C:\Windows\System32\SHCORE.dll
0x00007fff32e70000 - 0x00007fff32ec5000 	C:\Windows\System32\shlwapi.dll
0x00007fff31240000 - 0x00007fff31265000 	C:\Windows\SYSTEM32\profapi.dll
0x00007fff2af20000 - 0x00007fff2af2d000 	C:\Program Files\Java\jre-1.8\bin\management.dll
0x00007fff121f0000 - 0x00007fff1220c000 	C:\Program Files\Java\jre-1.8\bin\net.dll
0x00007fff30a40000 - 0x00007fff30aaa000 	C:\Windows\system32\mswsock.dll
0x00007fff19710000 - 0x00007fff19727000 	C:\Windows\system32\napinsp.dll
0x00007fff196f0000 - 0x00007fff1970b000 	C:\Windows\system32\pnrpnsp.dll
0x00007fff196d0000 - 0x00007fff196e5000 	C:\Windows\system32\wshbth.dll
0x00007fff2d5f0000 - 0x00007fff2d60d000 	C:\Windows\system32\NLAapi.dll
0x00007fff30730000 - 0x00007fff3076b000 	C:\Windows\SYSTEM32\IPHLPAPI.DLL
0x00007fff30770000 - 0x00007fff3083a000 	C:\Windows\SYSTEM32\DNSAPI.dll
0x00007fff31f00000 - 0x00007fff31f08000 	C:\Windows\System32\NSI.dll
0x00007fff19560000 - 0x00007fff19572000 	C:\Windows\System32\winrnr.dll
0x00007fff216f0000 - 0x00007fff216fa000 	C:\Windows\System32\rasadhlp.dll
0x00007fff221d0000 - 0x00007fff22252000 	C:\Windows\System32\fwpuclnt.dll
0x00007fff31b30000 - 0x00007fff31b57000 	C:\Windows\System32\bcrypt.dll
0x00007fff08390000 - 0x00007fff083a3000 	C:\Program Files\Java\jre-1.8\bin\nio.dll
0x00007fff30c30000 - 0x00007fff30c48000 	C:\Windows\SYSTEM32\CRYPTSP.dll
0x00007fff302f0000 - 0x00007fff30324000 	C:\Windows\system32\rsaenh.dll
0x00007fff31200000 - 0x00007fff3122e000 	C:\Windows\SYSTEM32\USERENV.dll
0x00007fff31b60000 - 0x00007fff31be2000 	C:\Windows\System32\bcryptprimitives.dll
0x00007fff30c50000 - 0x00007fff30c5c000 	C:\Windows\SYSTEM32\CRYPTBASE.dll
0x00007fff235f0000 - 0x00007fff23607000 	C:\Windows\SYSTEM32\dhcpcsvc6.DLL
0x00007fff236c0000 - 0x00007fff236dd000 	C:\Windows\SYSTEM32\dhcpcsvc.DLL
0x00007ffed90f0000 - 0x00007ffed9115000 	C:\Program Files\Java\jre-1.8\bin\sunec.dll
0x00007fff2af60000 - 0x00007fff2af6d000 	C:\Program Files\Java\jre-1.8\bin\sunmscapi.dll
0x00007fff31540000 - 0x00007fff3169e000 	C:\Windows\System32\CRYPT32.dll
0x00007fff30dc0000 - 0x00007fff30de8000 	C:\Windows\SYSTEM32\ncrypt.dll
0x00007fff30d80000 - 0x00007fff30dbb000 	C:\Windows\SYSTEM32\NTASN1.dll
0x00007fff2ef40000 - 0x00007fff2f124000 	C:\Windows\SYSTEM32\dbghelp.dll

VM Arguments:
jvm_args: -Dfile.encoding=UTF-8 
java_command: com.ts.ECommerseSpring.ECommerseSpringApplication
java_class_path (initial): C:\Users\pc\Desktop\myfinalproject\e-commerceproject\E-CommerseSpring\target\classes;C:\Users\pc\.m2\repository\org\springframework\boot\spring-boot-starter-data-jpa\2.7.15\spring-boot-starter-data-jpa-2.7.15.jar;C:\Users\pc\.m2\repository\org\springframework\boot\spring-boot-starter-aop\2.7.15\spring-boot-starter-aop-2.7.15.jar;C:\Users\pc\.m2\repository\org\springframework\spring-aop\5.3.29\spring-aop-5.3.29.jar;C:\Users\pc\.m2\repository\org\aspectj\aspectjweaver\1.9.7\aspectjweaver-1.9.7.jar;C:\Users\pc\.m2\repository\org\springframework\boot\spring-boot-starter-jdbc\2.7.15\spring-boot-starter-jdbc-2.7.15.jar;C:\Users\pc\.m2\repository\com\zaxxer\HikariCP\4.0.3\HikariCP-4.0.3.jar;C:\Users\pc\.m2\repository\org\springframework\spring-jdbc\5.3.29\spring-jdbc-5.3.29.jar;C:\Users\pc\.m2\repository\jakarta\transaction\jakarta.transaction-api\1.3.3\jakarta.transaction-api-1.3.3.jar;C:\Users\pc\.m2\repository\jakarta\persistence\jakarta.persistence-api\2.2.3\jakarta.persistence-api-2.2.3.jar;C:\Users\pc\.m2\repository\org\hibernate\hibernate-core\5.6.15.Final\hibernate-core-5.6.15.Final.jar;C:\Users\pc\.m2\repository\org\jboss\logging\jboss-logging\3.4.3.Final\jboss-logging-3.4.3.Final.jar;C:\Users\pc\.m2\repository\net\bytebuddy\byte-buddy\1.12.23\byte-buddy-1.12.23.jar;C:\Users\pc\.m2\repository\antlr\antlr\2.7.7\antlr-2.7.7.jar;C:\Users\pc\.m2\repository\org\jboss\jandex\2.4.2.Final\jandex-2.4.2.Final.jar;C:\Users\pc\.m2\repository\com\fasterxml\classmate\1.5.1\classmate-1.5.1.jar;C:\Users\pc\.m2\repository\org\hibernate\common\hibernate-commons-annotations\5.1.2.Final\hibernate-commons-annotations-5.1.2.Final.jar;C:\Users\pc\.m2\repository\org\glassfish\jaxb\jaxb-runtime\2.3.8\jaxb-runtime-2.3.8.jar;C:\Users\pc\.m2\repository\org\glassfish\jaxb\txw2\2.3.8\txw2-2.3.8.jar;C:\Users\pc\.m2\repository\com\sun\istack\istack-commons-runtime\3.0.12\istack-commons-runtime-3.0.12.jar;C:\Users\pc\.m2\repository\com\sun\activation\jakarta.activatio
Launcher Type: SUN_STANDARD

Environment Variables:
JAVA_HOME=C:\Program Files\Java\jdk-1.8
JRE_HOME=C:\Program Files\Java\jre-1.8
PATH=C:/Program Files/Java/jre-1.8/bin/server;C:/Program Files/Java/jre-1.8/bin;C:/Program Files/Java/jre-1.8/lib/amd64;C:\Python311\Scripts\;C:\Python311\;C:\Program Files (x86)\Common Files\Oracle\Java\javapath;C:\Windows\system32;C:\Windows;C:\Windows\System32\Wbem;C:\Windows\System32\WindowsPowerShell\v1.0\;C:\Windows\System32\OpenSSH\;C:\Program Files (x86)\Microsoft SQL Server\160\DTS\Binn\;C:\Program Files\Azure Data Studio\bin;C:\Program Files\Microsoft SQL Server\150\Tools\Binn\;C:\Program Files\Microsoft SQL Server\Client SDK\ODBC\170\Tools\Binn\;C:\Program Files\dotnet\;C:\Program Files\Git\cmd;C:\Program Files\nodejs\;C:\ProgramData\chocolatey\bin;C:\Program Files\MySQL\MySQL Shell 8.0\bin\;C:\Users\pc\AppData\Local\Microsoft\WindowsApps;;C:\Users\pc\AppData\Local\Programs\Microsoft VS Code\bin;C:\Program Files\Azure Data Studio\bin;C:\Users\pc\.dotnet\tools;C:\Users\pc\AppData\Roaming\npm;C:\Users\pc\Downloads\eclipse-jee-neon-3-win32-x86_64\eclipse;
USERNAME=pc
OS=Windows_NT
PROCESSOR_IDENTIFIER=Intel64 Family 6 Model 78 Stepping 3, GenuineIntel



---------------  S Y S T E M  ---------------

OS: Windows 10 , 64 bit Build 19041 (10.0.19041.3393)

CPU:total 4 (initial active 4) (2 cores per cpu, 2 threads per core) family 6 model 78 stepping 3, cmov, cx8, fxsr, mmx, sse, sse2, sse3, ssse3, sse4.1, sse4.2, popcnt, avx, avx2, aes, clmul, erms, 3dnowpref, lzcnt, ht, tsc, tscinvbit, bmi1, bmi2, adx

Memory: 4k page, physical 8251176k(588860k free), swap 33417000k(224k free)

vm_info: Java HotSpot(TM) 64-Bit Server VM (25.371-b11) for windows-amd64 JRE (1.8.0_371-b11), built on Mar 17 2023 04:03:45 by "java_re" with MS VC++ 17.1 (VS2022)

time: Sun Oct  1 14:39:18 2023
timezone: India Standard Time
elapsed time: 382.545177 seconds (0d 0h 6m 22s)

